This file contains any messages produced by compilers while
running configure, to aid debugging if configure makes a mistake.

It was created by copynesl configure 0.4.1, which was
generated by GNU Autoconf 2.63.  Invocation command line was

  $ ./configure 

## --------- ##
## Platform. ##
## --------- ##

hostname = nekketsu
uname -m = i686
uname -r = 2.6.24-gentoo-r8
uname -s = Linux
uname -v = #10 SMP Tue Jan 20 18:01:05 MST 2009

/usr/bin/uname -p = Intel(R) Pentium(R) 4 CPU 3.00GHz
/bin/uname -X     = unknown

/bin/arch              = unknown
/usr/bin/arch -k       = unknown
/usr/convex/getsysinfo = unknown
/usr/bin/hostinfo      = unknown
/bin/machine           = unknown
/usr/bin/oslevel       = unknown
/bin/universe          = unknown

PATH: /usr/local/bin
PATH: /usr/bin
PATH: /bin
PATH: /opt/bin
PATH: /usr/i486-pc-linux-gnu/gcc-bin/4.1.2
PATH: /usr/i686-pc-linux-gnu/gcc-bin/4.1.2
PATH: /opt/blackdown-jdk-1.4.2.03/bin
PATH: /opt/blackdown-jdk-1.4.2.03/jre/bin
PATH: /usr/kde/3.5/bin
PATH: /usr/qt/3/bin
PATH: /usr/games/bin
PATH: /opt/vmware/workstation/bin
PATH: /opt/vmware/workstation/bin
PATH: /opt/sun-jdk-1.6.0.06/bin


## ----------- ##
## Core tests. ##
## ----------- ##

configure:2092: checking for a BSD-compatible install
configure:2160: result: /usr/bin/install -c
configure:2171: checking whether build environment is sane
configure:2214: result: yes
configure:2239: checking for a thread-safe mkdir -p
configure:2278: result: /bin/mkdir -p
configure:2291: checking for gawk
configure:2307: found /usr/bin/gawk
configure:2318: result: gawk
configure:2329: checking whether make sets $(MAKE)
configure:2351: result: yes
configure:2594: checking for style of include used by make
configure:2622: result: GNU
configure:2692: checking for gcc
configure:2708: found /usr/bin/gcc
configure:2719: result: gcc
configure:2951: checking for C compiler version
configure:2959: gcc --version >&5
gcc (GCC) 4.1.2 (Gentoo 4.1.2 p1.1)
Copyright (C) 2006 Free Software Foundation, Inc.
This is free software; see the source for copying conditions.  There is NO
warranty; not even for MERCHANTABILITY or FITNESS FOR A PARTICULAR PURPOSE.

configure:2963: $? = 0
configure:2970: gcc -v >&5
Using built-in specs.
Target: i686-pc-linux-gnu
Configured with: /var/tmp/portage/sys-devel/gcc-4.1.2/work/gcc-4.1.2/configure --prefix=/usr --bindir=/usr/i686-pc-linux-gnu/gcc-bin/4.1.2 --includedir=/usr/lib/gcc/i686-pc-linux-gnu/4.1.2/include --datadir=/usr/share/gcc-data/i686-pc-linux-gnu/4.1.2 --mandir=/usr/share/gcc-data/i686-pc-linux-gnu/4.1.2/man --infodir=/usr/share/gcc-data/i686-pc-linux-gnu/4.1.2/info --with-gxx-include-dir=/usr/lib/gcc/i686-pc-linux-gnu/4.1.2/include/g++-v4 --host=i686-pc-linux-gnu --build=i686-pc-linux-gnu --disable-altivec --enable-nls --without-included-gettext --with-system-zlib --disable-checking --disable-werror --enable-secureplt --disable-multilib --enable-libmudflap --disable-libssp --with-arch=i686 --enable-languages=c,c++,java,treelang,fortran --enable-shared --enable-threads=posix --enable-__cxa_atexit --enable-clocale=gnu
Thread model: posix
gcc version 4.1.2 (Gentoo 4.1.2 p1.1)
configure:2974: $? = 0
configure:2981: gcc -V >&5
gcc: '-V' option must have argument
configure:2985: $? = 1
configure:3008: checking for C compiler default output file name
configure:3030: gcc  -I/usr/local/include/copynes   -L/usr/local/lib/copynes conftest.c  >&5
configure:3034: $? = 0
configure:3072: result: a.out
configure:3091: checking whether the C compiler works
configure:3101: ./a.out
configure:3105: $? = 0
configure:3124: result: yes
configure:3131: checking whether we are cross compiling
configure:3133: result: no
configure:3136: checking for suffix of executables
configure:3143: gcc -o conftest  -I/usr/local/include/copynes   -L/usr/local/lib/copynes conftest.c  >&5
configure:3147: $? = 0
configure:3173: result: 
configure:3179: checking for suffix of object files
configure:3205: gcc -c  -I/usr/local/include/copynes  conftest.c >&5
configure:3209: $? = 0
configure:3234: result: o
configure:3238: checking whether we are using the GNU C compiler
configure:3267: gcc -c  -I/usr/local/include/copynes  conftest.c >&5
configure:3274: $? = 0
configure:3291: result: yes
configure:3300: checking whether gcc accepts -g
configure:3330: gcc -c -g  conftest.c >&5
configure:3337: $? = 0
configure:3438: result: yes
configure:3455: checking for gcc option to accept ISO C89
configure:3529: gcc  -c  -I/usr/local/include/copynes  conftest.c >&5
configure:3536: $? = 0
configure:3559: result: none needed
configure:3579: checking dependency style of gcc
configure:3670: result: gcc3
configure:3686: checking for library containing copynes_open
configure:3727: gcc -o conftest  -I/usr/local/include/copynes   -L/usr/local/lib/copynes conftest.c  >&5
/tmp/ccI2VrGn.o: In function `main':
conftest.c:(.text+0x12): undefined reference to `copynes_open'
collect2: ld returned 1 exit status
configure:3734: $? = 1
configure: failed program was:
| /* confdefs.h.  */
| #define PACKAGE_NAME "copynesl"
| #define PACKAGE_TARNAME "copynesl"
| #define PACKAGE_VERSION "0.4.1"
| #define PACKAGE_STRING "copynesl 0.4.1"
| #define PACKAGE_BUGREPORT "cradelit@gmail.com"
| #define PACKAGE "copynesl"
| #define VERSION "0.4.1"
| #define INSPECT_ERRORS 0
| /* end confdefs.h.  */
| 
| /* Override any GCC internal prototype to avoid an error.
|    Use char because int might match the return type of a GCC
|    builtin and then its argument prototype would still apply.  */
| #ifdef __cplusplus
| extern "C"
| #endif
| char copynes_open ();
| int
| main ()
| {
| return copynes_open ();
|   ;
|   return 0;
| }
configure:3727: gcc -o conftest  -I/usr/local/include/copynes   -L/usr/local/lib/copynes conftest.c -lcopynes   >&5
configure:3734: $? = 0
configure:3765: result: -lcopynes
configure:3792: checking for libcopynes
configure:3794: result: yes
configure:3847: checking for gcc
configure:3874: result: gcc
configure:4106: checking for C compiler version
configure:4114: gcc --version >&5
gcc (GCC) 4.1.2 (Gentoo 4.1.2 p1.1)
Copyright (C) 2006 Free Software Foundation, Inc.
This is free software; see the source for copying conditions.  There is NO
warranty; not even for MERCHANTABILITY or FITNESS FOR A PARTICULAR PURPOSE.

configure:4118: $? = 0
configure:4125: gcc -v >&5
Using built-in specs.
Target: i686-pc-linux-gnu
Configured with: /var/tmp/portage/sys-devel/gcc-4.1.2/work/gcc-4.1.2/configure --prefix=/usr --bindir=/usr/i686-pc-linux-gnu/gcc-bin/4.1.2 --includedir=/usr/lib/gcc/i686-pc-linux-gnu/4.1.2/include --datadir=/usr/share/gcc-data/i686-pc-linux-gnu/4.1.2 --mandir=/usr/share/gcc-data/i686-pc-linux-gnu/4.1.2/man --infodir=/usr/share/gcc-data/i686-pc-linux-gnu/4.1.2/info --with-gxx-include-dir=/usr/lib/gcc/i686-pc-linux-gnu/4.1.2/include/g++-v4 --host=i686-pc-linux-gnu --build=i686-pc-linux-gnu --disable-altivec --enable-nls --without-included-gettext --with-system-zlib --disable-checking --disable-werror --enable-secureplt --disable-multilib --enable-libmudflap --disable-libssp --with-arch=i686 --enable-languages=c,c++,java,treelang,fortran --enable-shared --enable-threads=posix --enable-__cxa_atexit --enable-clocale=gnu
Thread model: posix
gcc version 4.1.2 (Gentoo 4.1.2 p1.1)
configure:4129: $? = 0
configure:4136: gcc -V >&5
gcc: '-V' option must have argument
configure:4140: $? = 1
configure:4143: checking whether we are using the GNU C compiler
configure:4196: result: yes
configure:4205: checking whether gcc accepts -g
configure:4343: result: yes
configure:4360: checking for gcc option to accept ISO C89
configure:4464: result: none needed
configure:4484: checking dependency style of gcc
configure:4575: result: gcc3
configure:4668: checking build system type
configure:4686: result: i686-pc-linux-gnu
configure:4708: checking host system type
configure:4723: result: i686-pc-linux-gnu
configure:4745: checking for a sed that does not truncate output
configure:4801: result: /bin/sed
configure:4804: checking for grep that handles long lines and -e
configure:4864: result: /bin/grep
configure:4869: checking for egrep
configure:4933: result: /bin/grep -E
configure:4949: checking for ld used by gcc
configure:5016: result: /usr/i686-pc-linux-gnu/bin/ld
configure:5025: checking if the linker (/usr/i686-pc-linux-gnu/bin/ld) is GNU ld
configure:5040: result: yes
configure:5045: checking for /usr/i686-pc-linux-gnu/bin/ld option to reload object files
configure:5052: result: -r
configure:5070: checking for BSD-compatible nm
configure:5119: result: /usr/bin/nm -B
configure:5123: checking whether ln -s works
configure:5127: result: yes
configure:5134: checking how to recognize dependent libraries
configure:5320: result: pass_all
configure:5568: checking how to run the C preprocessor
configure:5608: gcc -E  conftest.c
configure:5615: $? = 0
configure:5646: gcc -E  conftest.c
conftest.c:12:28: error: ac_nonexistent.h: No such file or directory
configure:5653: $? = 1
configure: failed program was:
| /* confdefs.h.  */
| #define PACKAGE_NAME "copynesl"
| #define PACKAGE_TARNAME "copynesl"
| #define PACKAGE_VERSION "0.4.1"
| #define PACKAGE_STRING "copynesl 0.4.1"
| #define PACKAGE_BUGREPORT "cradelit@gmail.com"
| #define PACKAGE "copynesl"
| #define VERSION "0.4.1"
| #define INSPECT_ERRORS 0
| #define HAVE_LIBCOPYNES 1
| /* end confdefs.h.  */
| #include <ac_nonexistent.h>
configure:5686: result: gcc -E
configure:5715: gcc -E  conftest.c
configure:5722: $? = 0
configure:5753: gcc -E  conftest.c
conftest.c:12:28: error: ac_nonexistent.h: No such file or directory
configure:5760: $? = 1
configure: failed program was:
| /* confdefs.h.  */
| #define PACKAGE_NAME "copynesl"
| #define PACKAGE_TARNAME "copynesl"
| #define PACKAGE_VERSION "0.4.1"
| #define PACKAGE_STRING "copynesl 0.4.1"
| #define PACKAGE_BUGREPORT "cradelit@gmail.com"
| #define PACKAGE "copynesl"
| #define VERSION "0.4.1"
| #define INSPECT_ERRORS 0
| #define HAVE_LIBCOPYNES 1
| /* end confdefs.h.  */
| #include <ac_nonexistent.h>
configure:5800: checking for ANSI C header files
configure:5830: gcc -c  -I/usr/local/include/copynes  conftest.c >&5
configure:5837: $? = 0
configure:5936: gcc -o conftest  -I/usr/local/include/copynes   -L/usr/local/lib/copynes conftest.c -lcopynes  >&5
configure:5940: $? = 0
configure:5946: ./conftest
./conftest: error while loading shared libraries: libcopynes.so.2: cannot open shared object file: No such file or directory
configure:5950: $? = 127
configure: program exited with status 127
configure: failed program was:
| /* confdefs.h.  */
| #define PACKAGE_NAME "copynesl"
| #define PACKAGE_TARNAME "copynesl"
| #define PACKAGE_VERSION "0.4.1"
| #define PACKAGE_STRING "copynesl 0.4.1"
| #define PACKAGE_BUGREPORT "cradelit@gmail.com"
| #define PACKAGE "copynesl"
| #define VERSION "0.4.1"
| #define INSPECT_ERRORS 0
| #define HAVE_LIBCOPYNES 1
| /* end confdefs.h.  */
| #include <ctype.h>
| #include <stdlib.h>
| #if ((' ' & 0x0FF) == 0x020)
| # define ISLOWER(c) ('a' <= (c) && (c) <= 'z')
| # define TOUPPER(c) (ISLOWER(c) ? 'A' + ((c) - 'a') : (c))
| #else
| # define ISLOWER(c) 		   (('a' <= (c) && (c) <= 'i') 		     || ('j' <= (c) && (c) <= 'r') 		     || ('s' <= (c) && (c) <= 'z'))
| # define TOUPPER(c) (ISLOWER(c) ? ((c) | 0x40) : (c))
| #endif
| 
| #define XOR(e, f) (((e) && !(f)) || (!(e) && (f)))
| int
| main ()
| {
|   int i;
|   for (i = 0; i < 256; i++)
|     if (XOR (islower (i), ISLOWER (i))
| 	|| toupper (i) != TOUPPER (i))
|       return 2;
|   return 0;
| }
configure:5968: result: no
configure:5992: checking for sys/types.h
configure:6013: gcc -c  -I/usr/local/include/copynes  conftest.c >&5
configure:6020: $? = 0
configure:6037: result: yes
configure:5992: checking for sys/stat.h
configure:6013: gcc -c  -I/usr/local/include/copynes  conftest.c >&5
configure:6020: $? = 0
configure:6037: result: yes
configure:5992: checking for stdlib.h
configure:6013: gcc -c  -I/usr/local/include/copynes  conftest.c >&5
configure:6020: $? = 0
configure:6037: result: yes
configure:5992: checking for string.h
configure:6013: gcc -c  -I/usr/local/include/copynes  conftest.c >&5
configure:6020: $? = 0
configure:6037: result: yes
configure:5992: checking for memory.h
configure:6013: gcc -c  -I/usr/local/include/copynes  conftest.c >&5
configure:6020: $? = 0
configure:6037: result: yes
configure:5992: checking for strings.h
configure:6013: gcc -c  -I/usr/local/include/copynes  conftest.c >&5
configure:6020: $? = 0
configure:6037: result: yes
configure:5992: checking for inttypes.h
configure:6013: gcc -c  -I/usr/local/include/copynes  conftest.c >&5
configure:6020: $? = 0
configure:6037: result: yes
configure:5992: checking for stdint.h
configure:6013: gcc -c  -I/usr/local/include/copynes  conftest.c >&5
configure:6020: $? = 0
configure:6037: result: yes
configure:5992: checking for unistd.h
configure:6013: gcc -c  -I/usr/local/include/copynes  conftest.c >&5
configure:6020: $? = 0
configure:6037: result: yes
configure:6067: checking dlfcn.h usability
configure:6084: gcc -c  -I/usr/local/include/copynes  conftest.c >&5
configure:6091: $? = 0
configure:6105: result: yes
configure:6109: checking dlfcn.h presence
configure:6124: gcc -E  conftest.c
configure:6131: $? = 0
configure:6145: result: yes
configure:6178: checking for dlfcn.h
configure:6187: result: yes
configure:6260: checking for g++
configure:6276: found /usr/bin/g++
configure:6287: result: g++
configure:6314: checking for C++ compiler version
configure:6322: g++ --version >&5
g++ (GCC) 4.1.2 (Gentoo 4.1.2 p1.1)
Copyright (C) 2006 Free Software Foundation, Inc.
This is free software; see the source for copying conditions.  There is NO
warranty; not even for MERCHANTABILITY or FITNESS FOR A PARTICULAR PURPOSE.

configure:6326: $? = 0
configure:6333: g++ -v >&5
Using built-in specs.
Target: i686-pc-linux-gnu
Configured with: /var/tmp/portage/sys-devel/gcc-4.1.2/work/gcc-4.1.2/configure --prefix=/usr --bindir=/usr/i686-pc-linux-gnu/gcc-bin/4.1.2 --includedir=/usr/lib/gcc/i686-pc-linux-gnu/4.1.2/include --datadir=/usr/share/gcc-data/i686-pc-linux-gnu/4.1.2 --mandir=/usr/share/gcc-data/i686-pc-linux-gnu/4.1.2/man --infodir=/usr/share/gcc-data/i686-pc-linux-gnu/4.1.2/info --with-gxx-include-dir=/usr/lib/gcc/i686-pc-linux-gnu/4.1.2/include/g++-v4 --host=i686-pc-linux-gnu --build=i686-pc-linux-gnu --disable-altivec --enable-nls --without-included-gettext --with-system-zlib --disable-checking --disable-werror --enable-secureplt --disable-multilib --enable-libmudflap --disable-libssp --with-arch=i686 --enable-languages=c,c++,java,treelang,fortran --enable-shared --enable-threads=posix --enable-__cxa_atexit --enable-clocale=gnu
Thread model: posix
gcc version 4.1.2 (Gentoo 4.1.2 p1.1)
configure:6337: $? = 0
configure:6344: g++ -V >&5
g++: '-V' option must have argument
configure:6348: $? = 1
configure:6351: checking whether we are using the GNU C++ compiler
configure:6380: g++ -c   conftest.cpp >&5
configure:6387: $? = 0
configure:6404: result: yes
configure:6413: checking whether g++ accepts -g
configure:6443: g++ -c -g  conftest.cpp >&5
configure:6450: $? = 0
configure:6551: result: yes
configure:6576: checking dependency style of g++
configure:6667: result: gcc3
configure:6692: checking how to run the C++ preprocessor
configure:6728: g++ -E  conftest.cpp
configure:6735: $? = 0
configure:6766: g++ -E  conftest.cpp
conftest.cpp:22:28: error: ac_nonexistent.h: No such file or directory
configure:6773: $? = 1
configure: failed program was:
| /* confdefs.h.  */
| #define PACKAGE_NAME "copynesl"
| #define PACKAGE_TARNAME "copynesl"
| #define PACKAGE_VERSION "0.4.1"
| #define PACKAGE_STRING "copynesl 0.4.1"
| #define PACKAGE_BUGREPORT "cradelit@gmail.com"
| #define PACKAGE "copynesl"
| #define VERSION "0.4.1"
| #define INSPECT_ERRORS 0
| #define HAVE_LIBCOPYNES 1
| #define HAVE_SYS_TYPES_H 1
| #define HAVE_SYS_STAT_H 1
| #define HAVE_STDLIB_H 1
| #define HAVE_STRING_H 1
| #define HAVE_MEMORY_H 1
| #define HAVE_STRINGS_H 1
| #define HAVE_INTTYPES_H 1
| #define HAVE_STDINT_H 1
| #define HAVE_UNISTD_H 1
| #define HAVE_DLFCN_H 1
| /* end confdefs.h.  */
| #include <ac_nonexistent.h>
configure:6806: result: g++ -E
configure:6835: g++ -E  conftest.cpp
configure:6842: $? = 0
configure:6873: g++ -E  conftest.cpp
conftest.cpp:22:28: error: ac_nonexistent.h: No such file or directory
configure:6880: $? = 1
configure: failed program was:
| /* confdefs.h.  */
| #define PACKAGE_NAME "copynesl"
| #define PACKAGE_TARNAME "copynesl"
| #define PACKAGE_VERSION "0.4.1"
| #define PACKAGE_STRING "copynesl 0.4.1"
| #define PACKAGE_BUGREPORT "cradelit@gmail.com"
| #define PACKAGE "copynesl"
| #define VERSION "0.4.1"
| #define INSPECT_ERRORS 0
| #define HAVE_LIBCOPYNES 1
| #define HAVE_SYS_TYPES_H 1
| #define HAVE_SYS_STAT_H 1
| #define HAVE_STDLIB_H 1
| #define HAVE_STRING_H 1
| #define HAVE_MEMORY_H 1
| #define HAVE_STRINGS_H 1
| #define HAVE_INTTYPES_H 1
| #define HAVE_STDINT_H 1
| #define HAVE_UNISTD_H 1
| #define HAVE_DLFCN_H 1
| /* end confdefs.h.  */
| #include <ac_nonexistent.h>
configure:6975: checking for g77
configure:7005: result: no
configure:6975: checking for xlf
configure:7005: result: no
configure:6975: checking for f77
configure:7005: result: no
configure:6975: checking for frt
configure:7005: result: no
configure:6975: checking for pgf77
configure:7005: result: no
configure:6975: checking for cf77
configure:7005: result: no
configure:6975: checking for fort77
configure:7005: result: no
configure:6975: checking for fl32
configure:7005: result: no
configure:6975: checking for af77
configure:7005: result: no
configure:6975: checking for xlf90
configure:7005: result: no
configure:6975: checking for f90
configure:7005: result: no
configure:6975: checking for pgf90
configure:7005: result: no
configure:6975: checking for pghpf
configure:7005: result: no
configure:6975: checking for epcf90
configure:7005: result: no
configure:6975: checking for gfortran
configure:6991: found /usr/bin/gfortran
configure:7002: result: gfortran
configure:7028: checking for Fortran 77 compiler version
configure:7036: gfortran --version >&5
GNU Fortran 95 (GCC) 4.1.2 (Gentoo 4.1.2 p1.1)
Copyright (C) 2006 Free Software Foundation, Inc.

GNU Fortran comes with NO WARRANTY, to the extent permitted by law.
You may redistribute copies of GNU Fortran
under the terms of the GNU General Public License.
For more information about these matters, see the file named COPYING

configure:7040: $? = 0
configure:7047: gfortran -v >&5
Using built-in specs.
Target: i686-pc-linux-gnu
Configured with: /var/tmp/portage/sys-devel/gcc-4.1.2/work/gcc-4.1.2/configure --prefix=/usr --bindir=/usr/i686-pc-linux-gnu/gcc-bin/4.1.2 --includedir=/usr/lib/gcc/i686-pc-linux-gnu/4.1.2/include --datadir=/usr/share/gcc-data/i686-pc-linux-gnu/4.1.2 --mandir=/usr/share/gcc-data/i686-pc-linux-gnu/4.1.2/man --infodir=/usr/share/gcc-data/i686-pc-linux-gnu/4.1.2/info --with-gxx-include-dir=/usr/lib/gcc/i686-pc-linux-gnu/4.1.2/include/g++-v4 --host=i686-pc-linux-gnu --build=i686-pc-linux-gnu --disable-altivec --enable-nls --without-included-gettext --with-system-zlib --disable-checking --disable-werror --enable-secureplt --disable-multilib --enable-libmudflap --disable-libssp --with-arch=i686 --enable-languages=c,c++,java,treelang,fortran --enable-shared --enable-threads=posix --enable-__cxa_atexit --enable-clocale=gnu
Thread model: posix
gcc version 4.1.2 (Gentoo 4.1.2 p1.1)
configure:7051: $? = 0
configure:7058: gfortran -V >&5
gfortran: '-V' option must have argument
configure:7062: $? = 1
configure:7070: checking whether we are using the GNU Fortran 77 compiler
configure:7089: gfortran -c  conftest.F >&5
configure:7096: $? = 0
configure:7113: result: yes
configure:7119: checking whether gfortran accepts -g
configure:7136: gfortran -c -g conftest.f >&5
configure:7143: $? = 0
configure:7159: result: yes
configure:7192: checking the maximum length of command line arguments
configure:7304: result: 98304
configure:7316: checking command to parse /usr/bin/nm -B output from gcc object
configure:7421: gcc -c  -I/usr/local/include/copynes  conftest.c >&5
configure:7424: $? = 0
configure:7428: /usr/bin/nm -B conftest.o \| sed -n -e 's/^.*[ 	]\([ABCDGIRSTW][ABCDGIRSTW]*\)[ 	][ 	]*\([_A-Za-z][_A-Za-z0-9]*\)$/\1 \2 \2/p' \> conftest.nm
configure:7431: $? = 0
configure:7483: gcc -o conftest  -I/usr/local/include/copynes   -L/usr/local/lib/copynes conftest.c conftstm.o >&5
configure:7486: $? = 0
configure:7524: result: ok
configure:7528: checking for objdir
configure:7543: result: .libs
configure:7635: checking for ar
configure:7651: found /usr/bin/ar
configure:7662: result: ar
configure:7727: checking for ranlib
configure:7743: found /usr/bin/ranlib
configure:7754: result: ranlib
configure:7819: checking for strip
configure:7835: found /usr/bin/strip
configure:7846: result: strip
configure:8387: checking for correct ltmain.sh version
configure:8437: result: yes
configure:8497: checking if gcc supports -fno-rtti -fno-exceptions
configure:8515: gcc -c  -I/usr/local/include/copynes  -fno-rtti -fno-exceptions conftest.c >&5
cc1: warning: command line option "-fno-rtti" is valid for C++/ObjC++ but not for C
configure:8519: $? = 0
configure:8532: result: no
configure:8547: checking for gcc option to produce PIC
configure:8779: result: -fPIC
configure:8787: checking if gcc PIC flag -fPIC works
configure:8805: gcc -c  -I/usr/local/include/copynes  -fPIC -DPIC conftest.c >&5
configure:8809: $? = 0
configure:8822: result: yes
configure:8850: checking if gcc static flag -static works
configure:8878: result: yes
configure:8888: checking if gcc supports -c -o file.o
configure:8909: gcc -c  -I/usr/local/include/copynes  -o out/conftest2.o conftest.c >&5
configure:8913: $? = 0
configure:8935: result: yes
configure:8961: checking whether the gcc linker (/usr/i686-pc-linux-gnu/bin/ld) supports shared libraries
configure:9949: result: yes
configure:9970: checking whether -lc should be explicitly linked in
configure:9975: gcc -c  -I/usr/local/include/copynes  conftest.c >&5
configure:9978: $? = 0
configure:9993: gcc -shared conftest.o  -v -Wl,-soname -Wl,conftest -o conftest 2\>\&1 \| grep  -lc  \>/dev/null 2\>\&1
configure:9996: $? = 0
configure:10008: result: no
configure:10016: checking dynamic linker characteristics
configure:10631: result: GNU/Linux ld.so
configure:10655: checking how to hardcode library paths into programs
configure:10680: result: immediate
configure:10694: checking whether stripping libraries is possible
configure:10699: result: yes
configure:11529: checking if libtool supports shared libraries
configure:11531: result: yes
configure:11534: checking whether to build shared libraries
configure:11555: result: yes
configure:11558: checking whether to build static libraries
configure:11562: result: yes
configure:11656: creating libtool
configure:12249: checking for ld used by g++
configure:12316: result: /usr/i686-pc-linux-gnu/bin/ld
configure:12325: checking if the linker (/usr/i686-pc-linux-gnu/bin/ld) is GNU ld
configure:12340: result: yes
configure:12391: checking whether the g++ linker (/usr/i686-pc-linux-gnu/bin/ld) supports shared libraries
configure:13345: result: yes
configure:13362: g++ -c -g -O2  conftest.cpp >&5
configure:13365: $? = 0
configure:13521: checking for g++ option to produce PIC
configure:13805: result: -fPIC
configure:13813: checking if g++ PIC flag -fPIC works
configure:13831: g++ -c -g -O2  -fPIC -DPIC conftest.cpp >&5
configure:13835: $? = 0
configure:13848: result: yes
configure:13876: checking if g++ static flag -static works
configure:13904: result: yes
configure:13914: checking if g++ supports -c -o file.o
configure:13935: g++ -c -g -O2  -o out/conftest2.o conftest.cpp >&5
configure:13939: $? = 0
configure:13961: result: yes
configure:13987: checking whether the g++ linker (/usr/i686-pc-linux-gnu/bin/ld) supports shared libraries
configure:14013: result: yes
configure:14080: checking dynamic linker characteristics
configure:14643: result: GNU/Linux ld.so
configure:14667: checking how to hardcode library paths into programs
configure:14692: result: immediate
configure:15231: checking if libtool supports shared libraries
configure:15233: result: yes
configure:15236: checking whether to build shared libraries
configure:15256: result: yes
configure:15259: checking whether to build static libraries
configure:15263: result: yes
configure:15273: checking for gfortran option to produce PIC
configure:15505: result: -fPIC
configure:15513: checking if gfortran PIC flag -fPIC works
configure:15531: gfortran -c -g -O2 -fPIC conftest.f >&5
configure:15535: $? = 0
configure:15548: result: yes
configure:15576: checking if gfortran static flag -static works
configure:15604: result: yes
configure:15614: checking if gfortran supports -c -o file.o
configure:15635: gfortran -c -g -O2 -o out/conftest2.o conftest.f >&5
configure:15639: $? = 0
configure:15661: result: yes
configure:15687: checking whether the gfortran linker (/usr/i686-pc-linux-gnu/bin/ld) supports shared libraries
configure:16655: result: yes
configure:16722: checking dynamic linker characteristics
configure:17285: result: GNU/Linux ld.so
configure:17309: checking how to hardcode library paths into programs
configure:17334: result: immediate
configure:20980: checking fcntl.h usability
configure:20997: gcc -c  -I/usr/local/include/copynes  conftest.c >&5
configure:21004: $? = 0
configure:21018: result: yes
configure:21022: checking fcntl.h presence
configure:21037: gcc -E  conftest.c
configure:21044: $? = 0
configure:21058: result: yes
configure:21091: checking for fcntl.h
configure:21100: result: yes
configure:20969: checking for stdint.h
configure:20976: result: yes
configure:20969: checking for stdlib.h
configure:20976: result: yes
configure:20969: checking for string.h
configure:20976: result: yes
configure:20980: checking termio.h usability
configure:20997: gcc -c  -I/usr/local/include/copynes  conftest.c >&5
configure:21004: $? = 0
configure:21018: result: yes
configure:21022: checking termio.h presence
configure:21037: gcc -E  conftest.c
configure:21044: $? = 0
configure:21058: result: yes
configure:21091: checking for termio.h
configure:21100: result: yes
configure:20969: checking for unistd.h
configure:20976: result: yes
configure:20980: checking getopt.h usability
configure:20997: gcc -c  -I/usr/local/include/copynes  conftest.c >&5
configure:21004: $? = 0
configure:21018: result: yes
configure:21022: checking getopt.h presence
configure:21037: gcc -E  conftest.c
configure:21044: $? = 0
configure:21058: result: yes
configure:21091: checking for getopt.h
configure:21100: result: yes
configure:20969: checking for unistd.h
configure:20976: result: yes
configure:21118: checking for uint8_t
configure:21149: gcc -c  -I/usr/local/include/copynes  conftest.c >&5
configure:21156: $? = 0
configure:21177: result: yes
configure:21195: checking for uint32_t
configure:21226: gcc -c  -I/usr/local/include/copynes  conftest.c >&5
configure:21233: $? = 0
configure:21254: result: yes
configure:21271: checking for ssize_t
configure:21299: gcc -c  -I/usr/local/include/copynes  conftest.c >&5
configure:21306: $? = 0
configure:21333: gcc -c  -I/usr/local/include/copynes  conftest.c >&5
conftest.c: In function 'main':
conftest.c:66: error: expected expression before ')' token
configure:21340: $? = 1
configure: failed program was:
| /* confdefs.h.  */
| #define PACKAGE_NAME "copynesl"
| #define PACKAGE_TARNAME "copynesl"
| #define PACKAGE_VERSION "0.4.1"
| #define PACKAGE_STRING "copynesl 0.4.1"
| #define PACKAGE_BUGREPORT "cradelit@gmail.com"
| #define PACKAGE "copynesl"
| #define VERSION "0.4.1"
| #define INSPECT_ERRORS 0
| #define HAVE_LIBCOPYNES 1
| #define HAVE_SYS_TYPES_H 1
| #define HAVE_SYS_STAT_H 1
| #define HAVE_STDLIB_H 1
| #define HAVE_STRING_H 1
| #define HAVE_MEMORY_H 1
| #define HAVE_STRINGS_H 1
| #define HAVE_INTTYPES_H 1
| #define HAVE_STDINT_H 1
| #define HAVE_UNISTD_H 1
| #define HAVE_DLFCN_H 1
| #define HAVE_FCNTL_H 1
| #define HAVE_STDINT_H 1
| #define HAVE_STDLIB_H 1
| #define HAVE_STRING_H 1
| #define HAVE_TERMIO_H 1
| #define HAVE_UNISTD_H 1
| #define HAVE_GETOPT_H 1
| #define HAVE_UNISTD_H 1
| /* end confdefs.h.  */
| #include <stdio.h>
| #ifdef HAVE_SYS_TYPES_H
| # include <sys/types.h>
| #endif
| #ifdef HAVE_SYS_STAT_H
| # include <sys/stat.h>
| #endif
| #ifdef STDC_HEADERS
| # include <stdlib.h>
| # include <stddef.h>
| #else
| # ifdef HAVE_STDLIB_H
| #  include <stdlib.h>
| # endif
| #endif
| #ifdef HAVE_STRING_H
| # if !defined STDC_HEADERS && defined HAVE_MEMORY_H
| #  include <memory.h>
| # endif
| # include <string.h>
| #endif
| #ifdef HAVE_STRINGS_H
| # include <strings.h>
| #endif
| #ifdef HAVE_INTTYPES_H
| # include <inttypes.h>
| #endif
| #ifdef HAVE_STDINT_H
| # include <stdint.h>
| #endif
| #ifdef HAVE_UNISTD_H
| # include <unistd.h>
| #endif
| int
| main ()
| {
| if (sizeof ((ssize_t)))
| 	  return 0;
|   ;
|   return 0;
| }
configure:21363: result: yes
configure:21377: checking for error_at_line
configure:21403: gcc -o conftest  -I/usr/local/include/copynes   -L/usr/local/lib/copynes conftest.c -lcopynes  >&5
configure:21410: $? = 0
configure:21430: result: yes
configure:21443: checking whether strerror_r is declared
configure:21472: gcc -c  -I/usr/local/include/copynes  conftest.c >&5
configure:21479: $? = 0
configure:21494: result: yes
configure:21516: checking for strerror_r
configure:21572: gcc -o conftest  -I/usr/local/include/copynes   -L/usr/local/lib/copynes conftest.c -lcopynes  >&5
configure:21579: $? = 0
configure:21601: result: yes
configure:21613: checking whether strerror_r returns char *
configure:21647: gcc -c  -I/usr/local/include/copynes  conftest.c >&5
conftest.c: In function 'main':
conftest.c:70: error: invalid type argument of 'unary *'
conftest.c:71: warning: initialization makes pointer from integer without a cast
configure:21654: $? = 1
configure: failed program was:
| /* confdefs.h.  */
| #define PACKAGE_NAME "copynesl"
| #define PACKAGE_TARNAME "copynesl"
| #define PACKAGE_VERSION "0.4.1"
| #define PACKAGE_STRING "copynesl 0.4.1"
| #define PACKAGE_BUGREPORT "cradelit@gmail.com"
| #define PACKAGE "copynesl"
| #define VERSION "0.4.1"
| #define INSPECT_ERRORS 0
| #define HAVE_LIBCOPYNES 1
| #define HAVE_SYS_TYPES_H 1
| #define HAVE_SYS_STAT_H 1
| #define HAVE_STDLIB_H 1
| #define HAVE_STRING_H 1
| #define HAVE_MEMORY_H 1
| #define HAVE_STRINGS_H 1
| #define HAVE_INTTYPES_H 1
| #define HAVE_STDINT_H 1
| #define HAVE_UNISTD_H 1
| #define HAVE_DLFCN_H 1
| #define HAVE_FCNTL_H 1
| #define HAVE_STDINT_H 1
| #define HAVE_STDLIB_H 1
| #define HAVE_STRING_H 1
| #define HAVE_TERMIO_H 1
| #define HAVE_UNISTD_H 1
| #define HAVE_GETOPT_H 1
| #define HAVE_UNISTD_H 1
| #define HAVE_DECL_STRERROR_R 1
| #define HAVE_STRERROR_R 1
| /* end confdefs.h.  */
| #include <stdio.h>
| #ifdef HAVE_SYS_TYPES_H
| # include <sys/types.h>
| #endif
| #ifdef HAVE_SYS_STAT_H
| # include <sys/stat.h>
| #endif
| #ifdef STDC_HEADERS
| # include <stdlib.h>
| # include <stddef.h>
| #else
| # ifdef HAVE_STDLIB_H
| #  include <stdlib.h>
| # endif
| #endif
| #ifdef HAVE_STRING_H
| # if !defined STDC_HEADERS && defined HAVE_MEMORY_H
| #  include <memory.h>
| # endif
| # include <string.h>
| #endif
| #ifdef HAVE_STRINGS_H
| # include <strings.h>
| #endif
| #ifdef HAVE_INTTYPES_H
| # include <inttypes.h>
| #endif
| #ifdef HAVE_STDINT_H
| # include <stdint.h>
| #endif
| #ifdef HAVE_UNISTD_H
| # include <unistd.h>
| #endif
| int
| main ()
| {
| 
| 	  char buf[100];
| 	  char x = *strerror_r (0, buf, sizeof buf);
| 	  char *p = strerror_r (0, buf, sizeof buf);
| 	  return !p || x;
| 
|   ;
|   return 0;
| }
configure:21733: result: no
configure:21751: checking for bzero
configure:21807: gcc -o conftest  -I/usr/local/include/copynes   -L/usr/local/lib/copynes conftest.c -lcopynes  >&5
conftest.c:55: warning: conflicting types for built-in function 'bzero'
configure:21814: $? = 0
configure:21836: result: yes
configure:21751: checking for strcasecmp
configure:21807: gcc -o conftest  -I/usr/local/include/copynes   -L/usr/local/lib/copynes conftest.c -lcopynes  >&5
conftest.c:56: warning: conflicting types for built-in function 'strcasecmp'
configure:21814: $? = 0
configure:21836: result: yes
configure:21751: checking for getopt_long
configure:21807: gcc -o conftest  -I/usr/local/include/copynes   -L/usr/local/lib/copynes conftest.c -lcopynes  >&5
configure:21814: $? = 0
configure:21836: result: yes
configure:21751: checking for malloc
configure:21807: gcc -o conftest  -I/usr/local/include/copynes   -L/usr/local/lib/copynes conftest.c -lcopynes  >&5
conftest.c:58: warning: conflicting types for built-in function 'malloc'
configure:21814: $? = 0
configure:21836: result: yes
configure:21751: checking for free
configure:21807: gcc -o conftest  -I/usr/local/include/copynes   -L/usr/local/lib/copynes conftest.c -lcopynes  >&5
configure:21814: $? = 0
configure:21836: result: yes
configure:21994: creating ./config.status

## ---------------------- ##
## Running config.status. ##
## ---------------------- ##

This file was extended by copynesl config.status 0.4.1, which was
generated by GNU Autoconf 2.63.  Invocation command line was

  CONFIG_FILES    = 
  CONFIG_HEADERS  = 
  CONFIG_LINKS    = 
  CONFIG_COMMANDS = 
  $ ./config.status 

on nekketsu

config.status:821: creating Makefile
config.status:821: creating copynesl/Makefile
config.status:821: creating trk_log/Makefile
config.status:821: creating settings/Makefile
config.status:821: creating data/Makefile
config.status:821: creating data/plugins/Makefile
config.status:821: creating man/Makefile
config.status:821: creating config.h
config.status:1043: config.h is unchanged
config.status:1095: executing depfiles commands
configure:23400: === configuring in cartctl (/home/crade/svn/copynesl/cartctl)
configure:23503: running /bin/sh ./configure --disable-option-checking '--prefix=/usr/local'  --cache-file=/dev/null --srcdir=.

## ---------------- ##
## Cache variables. ##
## ---------------- ##

ac_cv_build=i686-pc-linux-gnu
ac_cv_c_compiler_gnu=yes
ac_cv_c_uint32_t=yes
ac_cv_c_uint8_t=yes
ac_cv_cxx_compiler_gnu=yes
ac_cv_env_CCC_set=
ac_cv_env_CCC_value=
ac_cv_env_CC_set=
ac_cv_env_CC_value=
ac_cv_env_CFLAGS_set=
ac_cv_env_CFLAGS_value=
ac_cv_env_CPPFLAGS_set=
ac_cv_env_CPPFLAGS_value=
ac_cv_env_CPP_set=
ac_cv_env_CPP_value=
ac_cv_env_CXXCPP_set=
ac_cv_env_CXXCPP_value=
ac_cv_env_CXXFLAGS_set=
ac_cv_env_CXXFLAGS_value=
ac_cv_env_CXX_set=
ac_cv_env_CXX_value=
ac_cv_env_F77_set=
ac_cv_env_F77_value=
ac_cv_env_FFLAGS_set=
ac_cv_env_FFLAGS_value=
ac_cv_env_LDFLAGS_set=
ac_cv_env_LDFLAGS_value=
ac_cv_env_LIBS_set=
ac_cv_env_LIBS_value=
ac_cv_env_build_alias_set=
ac_cv_env_build_alias_value=
ac_cv_env_host_alias_set=
ac_cv_env_host_alias_value=
ac_cv_env_target_alias_set=
ac_cv_env_target_alias_value=
ac_cv_f77_compiler_gnu=yes
ac_cv_func_bzero=yes
ac_cv_func_free=yes
ac_cv_func_getopt_long=yes
ac_cv_func_malloc=yes
ac_cv_func_strcasecmp=yes
ac_cv_func_strerror_r=yes
ac_cv_func_strerror_r_char_p=no
ac_cv_have_decl_strerror_r=yes
ac_cv_header_dlfcn_h=yes
ac_cv_header_fcntl_h=yes
ac_cv_header_getopt_h=yes
ac_cv_header_inttypes_h=yes
ac_cv_header_memory_h=yes
ac_cv_header_stdc=no
ac_cv_header_stdint_h=yes
ac_cv_header_stdlib_h=yes
ac_cv_header_string_h=yes
ac_cv_header_strings_h=yes
ac_cv_header_sys_stat_h=yes
ac_cv_header_sys_types_h=yes
ac_cv_header_termio_h=yes
ac_cv_header_unistd_h=yes
ac_cv_host=i686-pc-linux-gnu
ac_cv_lib_error_at_line=yes
ac_cv_objext=o
ac_cv_path_EGREP='/bin/grep -E'
ac_cv_path_GREP=/bin/grep
ac_cv_path_install='/usr/bin/install -c'
ac_cv_path_mkdir=/bin/mkdir
ac_cv_prog_AWK=gawk
ac_cv_prog_CPP='gcc -E'
ac_cv_prog_CXXCPP='g++ -E'
ac_cv_prog_ac_ct_AR=ar
ac_cv_prog_ac_ct_CC=gcc
ac_cv_prog_ac_ct_CXX=g++
ac_cv_prog_ac_ct_F77=gfortran
ac_cv_prog_ac_ct_RANLIB=ranlib
ac_cv_prog_ac_ct_STRIP=strip
ac_cv_prog_cc_c89=
ac_cv_prog_cc_g=yes
ac_cv_prog_cxx_g=yes
ac_cv_prog_f77_g=yes
ac_cv_prog_make_make_set=yes
ac_cv_search_copynes_open=-lcopynes
ac_cv_type_ssize_t=yes
am_cv_CC_dependencies_compiler_type=gcc3
am_cv_CXX_dependencies_compiler_type=gcc3
lt_cv_deplibs_check_method=pass_all
lt_cv_file_magic_cmd='$MAGIC_CMD'
lt_cv_file_magic_test_file=
lt_cv_ld_reload_flag=-r
lt_cv_objdir=.libs
lt_cv_path_LD=/usr/i686-pc-linux-gnu/bin/ld
lt_cv_path_LDCXX=/usr/i686-pc-linux-gnu/bin/ld
lt_cv_path_NM='/usr/bin/nm -B'
lt_cv_path_SED=/bin/sed
lt_cv_prog_compiler_c_o=yes
lt_cv_prog_compiler_c_o_CXX=yes
lt_cv_prog_compiler_c_o_F77=yes
lt_cv_prog_compiler_pic_works=yes
lt_cv_prog_compiler_pic_works_CXX=yes
lt_cv_prog_compiler_pic_works_F77=yes
lt_cv_prog_compiler_rtti_exceptions=no
lt_cv_prog_compiler_static_works=yes
lt_cv_prog_compiler_static_works_CXX=yes
lt_cv_prog_compiler_static_works_F77=yes
lt_cv_prog_gnu_ld=yes
lt_cv_prog_gnu_ldcxx=yes
lt_cv_sys_global_symbol_pipe='sed -n -e '\''s/^.*[ 	]\([ABCDGIRSTW][ABCDGIRSTW]*\)[ 	][ 	]*\([_A-Za-z][_A-Za-z0-9]*\)$/\1 \2 \2/p'\'''
lt_cv_sys_global_symbol_to_c_name_address='sed -n -e '\''s/^: \([^ ]*\) $/  {\"\1\", (lt_ptr) 0},/p'\'' -e '\''s/^[BCDEGRST] \([^ ]*\) \([^ ]*\)$/  {"\2", (lt_ptr) \&\2},/p'\'''
lt_cv_sys_global_symbol_to_cdecl='sed -n -e '\''s/^. .* \(.*\)$/extern int \1;/p'\'''
lt_cv_sys_lib_dlsearch_path_spec='/lib /usr/lib /usr/local/lib //usr//lib/opengl/nvidia/lib /usr/i686-pc-linux-gnu/lib /usr/lib/gcc/i486-pc-linux-gnu/4.1.2 /usr/lib/gcc/i686-pc-linux-gnu/4.1.2 /usr/lib/nspr /usr/lib/nss /opt/blackdown-jdk-1.4.2.03/jre/lib/i386/ /opt/blackdown-jdk-1.4.2.03/jre/lib/i386/native_threads/ /opt/blackdown-jdk-1.4.2.03/jre/lib/i386/classic/ /opt/blackdown-jdk-1.4.2.03/jre/lib/i386/server/ /usr/lib/qt4 /usr/kde/3.5/lib /usr/qt/3/lib /usr/games/lib /usr/lib/libstdc++-v3/ '
lt_cv_sys_lib_search_path_spec='/usr/lib/gcc/i686-pc-linux-gnu/4.1.2 /usr/i686-pc-linux-gnu/lib /usr/lib /lib'
lt_cv_sys_max_cmd_len=98304
lt_lt_cv_prog_compiler_c_o='"yes"'
lt_lt_cv_prog_compiler_c_o_CXX='"yes"'
lt_lt_cv_prog_compiler_c_o_F77='"yes"'
lt_lt_cv_sys_global_symbol_pipe='"sed -n -e '\''s/^.*[ 	]\\([ABCDGIRSTW][ABCDGIRSTW]*\\)[ 	][ 	]*\\([_A-Za-z][_A-Za-z0-9]*\\)\$/\\1 \\2 \\2/p'\''"'
lt_lt_cv_sys_global_symbol_to_c_name_address='"sed -n -e '\''s/^: \\([^ ]*\\) \$/  {\\\"\\1\\\", (lt_ptr) 0},/p'\'' -e '\''s/^[BCDEGRST] \\([^ ]*\\) \\([^ ]*\\)\$/  {\"\\2\", (lt_ptr) \\&\\2},/p'\''"'
lt_lt_cv_sys_global_symbol_to_cdecl='"sed -n -e '\''s/^. .* \\(.*\\)\$/extern int \\1;/p'\''"'

## ----------------- ##
## Output variables. ##
## ----------------- ##

ACLOCAL='${SHELL} /home/crade/svn/copynesl/missing --run aclocal-1.10'
AMDEPBACKSLASH='\'
AMDEP_FALSE='#'
AMDEP_TRUE=''
AMTAR='${SHELL} /home/crade/svn/copynesl/missing --run tar'
AR='ar'
AUTOCONF='${SHELL} /home/crade/svn/copynesl/missing --run autoconf'
AUTOHEADER='${SHELL} /home/crade/svn/copynesl/missing --run autoheader'
AUTOMAKE='${SHELL} /home/crade/svn/copynesl/missing --run automake-1.10'
AWK='gawk'
CC='gcc'
CCDEPMODE='depmode=gcc3'
CFLAGS=' -I/usr/local/include/copynes'
CPP='gcc -E'
CPPFLAGS=''
CXX='g++'
CXXCPP='g++ -E'
CXXDEPMODE='depmode=gcc3'
CXXFLAGS='-g -O2'
CYGPATH_W='echo'
DEFS='-DHAVE_CONFIG_H'
DEPDIR='.deps'
DSYMUTIL=''
ECHO='echo'
ECHO_C=''
ECHO_N='-n'
ECHO_T=''
EGREP='/bin/grep -E'
EXEEXT=''
F77='gfortran'
FFLAGS='-g -O2'
GREP='/bin/grep'
HAVE_LIBCOPYNES_FALSE='#'
HAVE_LIBCOPYNES_TRUE=''
INSTALL_DATA='${INSTALL} -m 644'
INSTALL_PROGRAM='${INSTALL}'
INSTALL_SCRIPT='${INSTALL}'
INSTALL_STRIP_PROGRAM='$(install_sh) -c -s'
LDFLAGS=' -L/usr/local/lib/copynes'
LIBOBJS=''
LIBS='-lcopynes '
LIBTOOL='$(SHELL) $(top_builddir)/libtool'
LN_S='ln -s'
LTLIBOBJS=''
MAKEINFO='${SHELL} /home/crade/svn/copynesl/missing --run makeinfo'
MKDIR_P='/bin/mkdir -p'
NMEDIT=''
OBJEXT='o'
PACKAGE='copynesl'
PACKAGE_BUGREPORT='cradelit@gmail.com'
PACKAGE_NAME='copynesl'
PACKAGE_STRING='copynesl 0.4.1'
PACKAGE_TARNAME='copynesl'
PACKAGE_VERSION='0.4.1'
PATH_SEPARATOR=':'
RANLIB='ranlib'
SED='/bin/sed'
SET_MAKE=''
SHELL='/bin/sh'
STRIP='strip'
VERSION='0.4.1'
ac_ct_CC='gcc'
ac_ct_CXX='g++'
ac_ct_F77='gfortran'
am__fastdepCC_FALSE='#'
am__fastdepCC_TRUE=''
am__fastdepCXX_FALSE='#'
am__fastdepCXX_TRUE=''
am__include='include'
am__isrc=''
am__leading_dot='.'
am__quote=''
am__tar='${AMTAR} chof - "$$tardir"'
am__untar='${AMTAR} xf -'
bindir='${exec_prefix}/bin'
build='i686-pc-linux-gnu'
build_alias=''
build_cpu='i686'
build_os='linux-gnu'
build_vendor='pc'
datadir='${datarootdir}'
datarootdir='${prefix}/share'
docdir='${datarootdir}/doc/${PACKAGE_TARNAME}'
dvidir='${docdir}'
exec_prefix='${prefix}'
host='i686-pc-linux-gnu'
host_alias=''
host_cpu='i686'
host_os='linux-gnu'
host_vendor='pc'
htmldir='${docdir}'
includedir='${prefix}/include'
infodir='${datarootdir}/info'
install_sh='$(SHELL) /home/crade/svn/copynesl/install-sh'
libdir='${exec_prefix}/lib'
libexecdir='${exec_prefix}/libexec'
localedir='${datarootdir}/locale'
localstatedir='${prefix}/var'
mandir='${datarootdir}/man'
mkdir_p='/bin/mkdir -p'
oldincludedir='/usr/include'
pdfdir='${docdir}'
prefix='/usr/local'
program_transform_name='s,x,x,'
psdir='${docdir}'
sbindir='${exec_prefix}/sbin'
sharedstatedir='${prefix}/com'
subdirs=' cartctl'
sysconfdir='${prefix}/etc'
target_alias=''

## ----------- ##
## confdefs.h. ##
## ----------- ##

#define PACKAGE_NAME "copynesl"
#define PACKAGE_TARNAME "copynesl"
#define PACKAGE_VERSION "0.4.1"
#define PACKAGE_STRING "copynesl 0.4.1"
#define PACKAGE_BUGREPORT "cradelit@gmail.com"
#define PACKAGE "copynesl"
#define VERSION "0.4.1"
#define INSPECT_ERRORS 0
#define HAVE_LIBCOPYNES 1
#define HAVE_SYS_TYPES_H 1
#define HAVE_SYS_STAT_H 1
#define HAVE_STDLIB_H 1
#define HAVE_STRING_H 1
#define HAVE_MEMORY_H 1
#define HAVE_STRINGS_H 1
#define HAVE_INTTYPES_H 1
#define HAVE_STDINT_H 1
#define HAVE_UNISTD_H 1
#define HAVE_DLFCN_H 1
#define HAVE_FCNTL_H 1
#define HAVE_STDINT_H 1
#define HAVE_STDLIB_H 1
#define HAVE_STRING_H 1
#define HAVE_TERMIO_H 1
#define HAVE_UNISTD_H 1
#define HAVE_GETOPT_H 1
#define HAVE_UNISTD_H 1
#define HAVE_DECL_STRERROR_R 1
#define HAVE_STRERROR_R 1
#define HAVE_BZERO 1
#define HAVE_STRCASECMP 1
#define HAVE_GETOPT_LONG 1
#define HAVE_MALLOC 1
#define HAVE_FREE 1

configure: exit 0
